$ next dev --turbopack
⚠ Port 3000 is in use by process 18107, using available port 3002 instead.
Starting content-collections content-collections.ts
build started ...
... finished build of 1 collection and 0 documents in 7ms
start watching ...
⚠ Warning: Next.js inferred your workspace root, but it may not be correct.
 We detected multiple lockfiles and selected the directory of /Users/avaspatel/package-lock.json as the root directory.
 To silence this warning, set `turbopack.root` in your Next.js config, or consider removing one of the lockfiles if it's not needed.
   See https://nextjs.org/docs/app/api-reference/config/next-config-js/turbopack#root-directory for more information.
 Detected additional lockfiles: 
   * /Users/avaspatel/Desktop/Lazynext_2025/bun.lock

▲ Next.js 16.1.3 (Turbopack)
- Local:         http://localhost:3002
- Network:       http://10.5.50.132:3002
- Environments: .env.local

✓ Starting...
✓ Ready in 581ms
⨯ Error: Failed query: select "id", "name", "user_id", "created_at", "updated_at" from "projects" where "projects"."id" = $1 limit $2
params: 6c58aa81-3dc3-48b5-8589-0499098655f3,1
    at async getProject (src/actions/project.ts:56:25)
    at async EditorPage (src/app/editor/[id]/page.tsx:8:19)
  54 | export async function getProject(projectId: string) {
  55 |   // 1. Get Project
> 56 |   const projectResult = await db.select().from(projects).where(eq(projects.id, projectId)).limit(1);
     |                         ^
  57 |   if (projectResult.length === 0) {
  58 |     // Auto-create to sync with Local Storage UUIDs created by the UI
  59 |     try { {
  query: 'select "id", "name", "user_id", "created_at", "updated_at" from "projects" where "projects"."id" = $1 limit $2',
  params: [Array],
  digest: '2683470990',
  [cause]: AggregateError: 
      at ignore-listed frames {
    code: 'ECONNREFUSED'
  }
}
 GET /editor/6c58aa81-3dc3-48b5-8589-0499098655f3 500 in 755ms (compile: 432ms, render: 323ms)
