src/clipboard/handlers/keyframes.ts(5,38): error TS2307: Cannot find module '@/timeline' or its corresponding type declarations.
src/clipboard/types.ts(14,8): error TS2307: Cannot find module '@/timeline' or its corresponding type declarations.
src/commands/base-command.ts(2,33): error TS2307: Cannot find module '@/timeline/types' or its corresponding type declarations.
src/commands/media/add-media-asset.ts(8,28): error TS2307: Cannot find module '@/timeline/element-utils' or its corresponding type declarations.
src/commands/media/remove-media-asset.ts(8,28): error TS2307: Cannot find module '@/timeline/element-utils' or its corresponding type declarations.
src/commands/media/remove-media-asset.ts(9,34): error TS2307: Cannot find module '@/timeline' or its corresponding type declarations.
src/commands/scene/create-scene.ts(3,29): error TS2307: Cannot find module '@/timeline' or its corresponding type declarations.
src/commands/scene/create-scene.ts(4,35): error TS2307: Cannot find module '@/timeline/scenes' or its corresponding type declarations.
src/commands/scene/delete-scene.ts(3,29): error TS2307: Cannot find module '@/timeline' or its corresponding type declarations.
src/commands/scene/delete-scene.ts(4,61): error TS2307: Cannot find module '@/timeline/scenes' or its corresponding type declarations.
src/commands/scene/move-bookmark.ts(3,29): error TS2307: Cannot find module '@/timeline' or its corresponding type declarations.
src/commands/scene/move-bookmark.ts(4,36): error TS2307: Cannot find module '@/timeline/scenes' or its corresponding type declarations.
src/commands/scene/move-bookmark.ts(5,51): error TS2307: Cannot find module '@/timeline/bookmarks/index' or its corresponding type declarations.
src/commands/scene/remove-bookmark.ts(3,29): error TS2307: Cannot find module '@/timeline' or its corresponding type declarations.
src/commands/scene/remove-bookmark.ts(4,36): error TS2307: Cannot find module '@/timeline/scenes' or its corresponding type declarations.
src/commands/scene/remove-bookmark.ts(8,8): error TS2307: Cannot find module '@/timeline/bookmarks/index' or its corresponding type declarations.
src/commands/scene/rename-scene.ts(3,29): error TS2307: Cannot find module '@/timeline' or its corresponding type declarations.
src/commands/scene/rename-scene.ts(4,36): error TS2307: Cannot find module '@/timeline/scenes' or its corresponding type declarations.
src/commands/scene/toggle-bookmark.ts(3,29): error TS2307: Cannot find module '@/timeline' or its corresponding type declarations.
src/commands/scene/toggle-bookmark.ts(4,36): error TS2307: Cannot find module '@/timeline/scenes' or its corresponding type declarations.
src/commands/scene/toggle-bookmark.ts(8,8): error TS2307: Cannot find module '@/timeline/bookmarks/index' or its corresponding type declarations.
src/commands/scene/update-bookmark.ts(3,39): error TS2307: Cannot find module '@/timeline' or its corresponding type declarations.
src/commands/scene/update-bookmark.ts(4,36): error TS2307: Cannot find module '@/timeline/scenes' or its corresponding type declarations.
src/commands/scene/update-bookmark.ts(8,8): error TS2307: Cannot find module '@/timeline/bookmarks/index' or its corresponding type declarations.
src/commands/timeline/clipboard/paste-keyframes.ts(9,51): error TS2307: Cannot find module '@/timeline' or its corresponding type declarations.
src/commands/timeline/clipboard/paste-keyframes.ts(10,44): error TS2307: Cannot find module '@/timeline' or its corresponding type declarations.
src/commands/timeline/clipboard/paste-keyframes.ts(11,40): error TS2307: Cannot find module '@/timeline/animation-targets' or its corresponding type declarations.
src/commands/timeline/clipboard/paste-keyframes.ts(124,13): error TS7006: Parameter 'element' implicitly has an 'any' type.
src/commands/timeline/clipboard/paste.ts(7,51): error TS2307: Cannot find module '@/timeline' or its corresponding type declarations.
src/commands/timeline/clipboard/paste.ts(14,8): error TS2307: Cannot find module '@/timeline/placement' or its corresponding type declarations.
src/commands/timeline/element/delete-elements.ts(2,34): error TS2307: Cannot find module '@/timeline' or its corresponding type declarations.
src/commands/timeline/element/delete-elements.ts(4,36): error TS2307: Cannot find module '@/timeline' or its corresponding type declarations.
src/commands/timeline/element/delete-elements.ts(14,4): error TS7006: Parameter 'element' implicitly has an 'any' type.
src/commands/timeline/element/delete-elements.ts(42,42): error TS7006: Parameter 'track' implicitly has an 'any' type.
src/commands/timeline/element/delete-elements.ts(49,38): error TS7006: Parameter 'track' implicitly has an 'any' type.
src/commands/timeline/element/duplicate-elements.ts(6,51): error TS2307: Cannot find module '@/timeline' or its corresponding type declarations.
src/commands/timeline/element/duplicate-elements.ts(9,55): error TS2307: Cannot find module '@/timeline/placement' or its corresponding type declarations.
src/commands/timeline/element/effects/add-effect.ts(3,61): error TS2307: Cannot find module '@/timeline' or its corresponding type declarations.
src/commands/timeline/element/effects/add-effect.ts(4,49): error TS2307: Cannot find module '@/timeline' or its corresponding type declarations.
src/commands/timeline/element/effects/add-effect.ts(50,12): error TS7006: Parameter 'element' implicitly has an 'any' type.
src/commands/timeline/element/effects/remove-effect.ts(3,61): error TS2307: Cannot find module '@/timeline' or its corresponding type declarations.
src/commands/timeline/element/effects/remove-effect.ts(4,49): error TS2307: Cannot find module '@/timeline' or its corresponding type declarations.
src/commands/timeline/element/effects/remove-effect.ts(14,42): error TS7006: Parameter 'effect' implicitly has an 'any' type.
src/commands/timeline/element/effects/remove-effect.ts(48,12): error TS7006: Parameter 'element' implicitly has an 'any' type.
src/commands/timeline/element/effects/reorder-effect.ts(3,61): error TS2307: Cannot find module '@/timeline' or its corresponding type declarations.
src/commands/timeline/element/effects/reorder-effect.ts(4,49): error TS2307: Cannot find module '@/timeline' or its corresponding type declarations.
src/commands/timeline/element/effects/reorder-effect.ts(55,12): error TS7006: Parameter 'element' implicitly has an 'any' type.
src/commands/timeline/element/effects/toggle-effect.ts(3,61): error TS2307: Cannot find module '@/timeline' or its corresponding type declarations.
src/commands/timeline/element/effects/toggle-effect.ts(4,49): error TS2307: Cannot find module '@/timeline' or its corresponding type declarations.
src/commands/timeline/element/effects/toggle-effect.ts(14,38): error TS7006: Parameter 'effect' implicitly has an 'any' type.
src/commands/timeline/element/effects/toggle-effect.ts(50,12): error TS7006: Parameter 'element' implicitly has an 'any' type.
src/commands/timeline/element/effects/update-effect-params.ts(3,61): error TS2307: Cannot find module '@/timeline' or its corresponding type declarations.
src/commands/timeline/element/effects/update-effect-params.ts(5,49): error TS2307: Cannot find module '@/timeline' or its corresponding type declarations.
src/commands/timeline/element/effects/update-effect-params.ts(17,38): error TS7006: Parameter 'effect' implicitly has an 'any' type.
src/commands/timeline/element/effects/update-effect-params.ts(68,13): error TS7006: Parameter 'element' implicitly has an 'any' type.
src/commands/timeline/element/insert-element.ts(8,8): error TS2307: Cannot find module '@/timeline' or its corresponding type declarations.
src/commands/timeline/element/insert-element.ts(10,33): error TS2307: Cannot find module '@/timeline/element-utils' or its corresponding type declarations.
src/commands/timeline/element/insert-element.ts(12,46): error TS2307: Cannot find module '@/timeline/creation' or its corresponding type declarations.
src/commands/timeline/element/insert-element.ts(20,8): error TS2307: Cannot find module '@/timeline/placement' or its corresponding type declarations.
src/commands/timeline/element/insert-element.ts(58,6): error TS7006: Parameter 'total' implicitly has an 'any' type.
src/commands/timeline/element/insert-element.ts(58,13): error TS7006: Parameter 'track' implicitly has an 'any' type.
src/commands/timeline/element/insert-element.ts(62,6): error TS7006: Parameter 'total' implicitly has an 'any' type.
src/commands/timeline/element/insert-element.ts(62,13): error TS7006: Parameter 'track' implicitly has an 'any' type.
src/commands/timeline/element/insert-element.ts(249,31): error TS7006: Parameter 'track' implicitly has an 'any' type.
src/commands/timeline/element/insert-element.ts(250,27): error TS7006: Parameter 'track' implicitly has an 'any' type.
src/commands/timeline/element/keyframes/remove-effect-param-keyframe.ts(4,44): error TS2307: Cannot find module '@/timeline' or its corresponding type declarations.
src/commands/timeline/element/keyframes/remove-effect-param-keyframe.ts(5,33): error TS2307: Cannot find module '@/timeline/element-utils' or its corresponding type declarations.
src/commands/timeline/element/keyframes/remove-effect-param-keyframe.ts(6,34): error TS2307: Cannot find module '@/timeline' or its corresponding type declarations.
src/commands/timeline/element/keyframes/remove-effect-param-keyframe.ts(46,13): error TS7006: Parameter 'element' implicitly has an 'any' type.
src/commands/timeline/element/keyframes/remove-keyframe.ts(7,44): error TS2307: Cannot find module '@/timeline' or its corresponding type declarations.
src/commands/timeline/element/keyframes/remove-keyframe.ts(10,51): error TS2307: Cannot find module '@/timeline' or its corresponding type declarations.
src/commands/timeline/element/keyframes/remove-keyframe.ts(11,40): error TS2307: Cannot find module '@/timeline/animation-targets' or its corresponding type declarations.
src/commands/timeline/element/keyframes/remove-keyframe.ts(87,13): error TS7006: Parameter 'element' implicitly has an 'any' type.
src/commands/timeline/element/keyframes/retime-keyframe.ts(4,44): error TS2307: Cannot find module '@/timeline' or its corresponding type declarations.
src/commands/timeline/element/keyframes/retime-keyframe.ts(6,34): error TS2307: Cannot find module '@/timeline' or its corresponding type declarations.
src/commands/timeline/element/keyframes/retime-keyframe.ts(13,40): error TS2307: Cannot find module '@/timeline/animation-targets' or its corresponding type declarations.
src/commands/timeline/element/keyframes/retime-keyframe.ts(52,13): error TS7006: Parameter 'element' implicitly has an 'any' type.
src/commands/timeline/element/keyframes/update-scalar-keyframe-curve.ts(6,44): error TS2307: Cannot find module '@/timeline' or its corresponding type declarations.
src/commands/timeline/element/keyframes/update-scalar-keyframe-curve.ts(7,40): error TS2307: Cannot find module '@/timeline/animation-targets' or its corresponding type declarations.
src/commands/timeline/element/keyframes/update-scalar-keyframe-curve.ts(12,34): error TS2307: Cannot find module '@/timeline' or its corresponding type declarations.
src/commands/timeline/element/keyframes/update-scalar-keyframe-curve.ts(55,13): error TS7006: Parameter 'element' implicitly has an 'any' type.
src/commands/timeline/element/keyframes/upsert-effect-param-keyframe.ts(7,44): error TS2307: Cannot find module '@/timeline' or its corresponding type declarations.
src/commands/timeline/element/keyframes/upsert-effect-param-keyframe.ts(8,33): error TS2307: Cannot find module '@/timeline/element-utils' or its corresponding type declarations.
src/commands/timeline/element/keyframes/upsert-effect-param-keyframe.ts(9,40): error TS2307: Cannot find module '@/timeline/animation-targets' or its corresponding type declarations.
src/commands/timeline/element/keyframes/upsert-effect-param-keyframe.ts(11,34): error TS2307: Cannot find module '@/timeline' or its corresponding type declarations.
src/commands/timeline/element/keyframes/upsert-effect-param-keyframe.ts(69,13): error TS7006: Parameter 'element' implicitly has an 'any' type.
src/commands/timeline/element/keyframes/upsert-keyframe.ts(4,44): error TS2307: Cannot find module '@/timeline' or its corresponding type declarations.
src/commands/timeline/element/keyframes/upsert-keyframe.ts(5,34): error TS2307: Cannot find module '@/timeline' or its corresponding type declarations.
src/commands/timeline/element/keyframes/upsert-keyframe.ts(6,40): error TS2307: Cannot find module '@/timeline/animation-targets' or its corresponding type declarations.
src/commands/timeline/element/keyframes/upsert-keyframe.ts(64,13): error TS7006: Parameter 'element' implicitly has an 'any' type.
src/commands/timeline/element/masks/delete-custom-mask-points.ts(8,63): error TS2307: Cannot find module '@/timeline' or its corresponding type declarations.
src/commands/timeline/element/masks/delete-custom-mask-points.ts(9,51): error TS2307: Cannot find module '@/timeline' or its corresponding type declarations.
src/commands/timeline/element/masks/delete-custom-mask-points.ts(48,38): error TS7006: Parameter 'mask' implicitly has an 'any' type.
src/commands/timeline/element/masks/delete-custom-mask-points.ts(102,13): error TS7006: Parameter 'element' implicitly has an 'any' type.
src/commands/timeline/element/masks/insert-custom-mask-point.ts(6,63): error TS2307: Cannot find module '@/timeline' or its corresponding type declarations.
src/commands/timeline/element/masks/insert-custom-mask-point.ts(7,51): error TS2307: Cannot find module '@/timeline' or its corresponding type declarations.
src/commands/timeline/element/masks/insert-custom-mask-point.ts(63,38): error TS7006: Parameter 'mask' implicitly has an 'any' type.
src/commands/timeline/element/masks/insert-custom-mask-point.ts(132,13): error TS7006: Parameter 'element' implicitly has an 'any' type.
src/commands/timeline/element/masks/remove-mask.ts(3,63): error TS2307: Cannot find module '@/timeline' or its corresponding type declarations.
src/commands/timeline/element/masks/remove-mask.ts(4,51): error TS2307: Cannot find module '@/timeline' or its corresponding type declarations.
src/commands/timeline/element/masks/remove-mask.ts(14,45): error TS7006: Parameter 'mask' implicitly has an 'any' type.
src/commands/timeline/element/masks/remove-mask.ts(48,13): error TS7006: Parameter 'element' implicitly has an 'any' type.
src/commands/timeline/element/masks/toggle-mask-inverted.ts(3,63): error TS2307: Cannot find module '@/timeline' or its corresponding type declarations.
src/commands/timeline/element/masks/toggle-mask-inverted.ts(5,51): error TS2307: Cannot find module '@/timeline' or its corresponding type declarations.
src/commands/timeline/element/masks/toggle-mask-inverted.ts(22,41): error TS7006: Parameter 'mask' implicitly has an 'any' type.
src/commands/timeline/element/masks/toggle-mask-inverted.ts(59,13): error TS7006: Parameter 'element' implicitly has an 'any' type.
src/commands/timeline/element/move-elements.ts(7,66): error TS2307: Cannot find module '@/timeline' or its corresponding type declarations.
src/commands/timeline/element/move-elements.ts(11,8): error TS2307: Cannot find module '@/timeline/placement' or its corresponding type declarations.
src/commands/timeline/element/move-elements.ts(15,8): error TS2307: Cannot find module '@/timeline/group-move' or its corresponding type declarations.
src/commands/timeline/element/move-elements.ts(16,40): error TS2307: Cannot find module '@/timeline/track-element-update' or its corresponding type declarations.
src/commands/timeline/element/move-elements.ts(61,6): error TS7006: Parameter 'trackElement' implicitly has an 'any' type.
src/commands/timeline/element/move-elements.ts(109,8): error TS7006: Parameter 'element' implicitly has an 'any' type.
src/commands/timeline/element/move-elements.ts(141,32): error TS7006: Parameter 'track' implicitly has an 'any' type.
src/commands/timeline/element/move-elements.ts(143,28): error TS7006: Parameter 'track' implicitly has an 'any' type.
src/commands/timeline/element/split-elements.ts(6,51): error TS2307: Cannot find module '@/timeline' or its corresponding type declarations.
src/commands/timeline/element/split-elements.ts(9,36): error TS2307: Cannot find module '@/timeline' or its corresponding type declarations.
src/commands/timeline/element/split-elements.ts(195,42): error TS7006: Parameter 'track' implicitly has an 'any' type.
src/commands/timeline/element/split-elements.ts(197,38): error TS7006: Parameter 'track' implicitly has an 'any' type.
src/commands/timeline/element/toggle-source-audio-separation.ts(7,8): error TS2307: Cannot find module '@/timeline/audio-separation' or its corresponding type declarations.
src/commands/timeline/element/toggle-source-audio-separation.ts(11,8): error TS2307: Cannot find module '@/timeline/placement' or its corresponding type declarations.
src/commands/timeline/element/toggle-source-audio-separation.ts(12,44): error TS2307: Cannot find module '@/timeline/track-element-update' or its corresponding type declarations.
src/commands/timeline/element/toggle-source-audio-separation.ts(17,8): error TS2307: Cannot find module '@/timeline/types' or its corresponding type declarations.
src/commands/timeline/element/toggle-source-audio-separation.ts(45,5): error TS7006: Parameter 'element' implicitly has an 'any' type.
src/commands/timeline/element/toggle-source-audio-separation.ts(138,22): error TS7006: Parameter 'element' implicitly has an 'any' type.
src/commands/timeline/element/toggle-source-audio-separation.ts(140,12): error TS7006: Parameter 'element' implicitly has an 'any' type.
src/commands/timeline/element/update-elements.ts(3,51): error TS2307: Cannot find module '@/timeline' or its corresponding type declarations.
src/commands/timeline/element/update-elements.ts(7,8): error TS2307: Cannot find module '@/timeline' or its corresponding type declarations.
src/commands/timeline/element/update-elements.ts(8,36): error TS2307: Cannot find module '@/timeline/update-pipeline' or its corresponding type declarations.
src/commands/timeline/element/update-elements.ts(42,6): error TS7006: Parameter 'element' implicitly has an 'any' type.
src/commands/timeline/track/add-track.ts(2,45): error TS2307: Cannot find module '@/timeline' or its corresponding type declarations.
src/commands/timeline/track/add-track.ts(8,8): error TS2307: Cannot find module '@/timeline/placement' or its corresponding type declarations.
src/commands/timeline/track/remove-track.ts(3,34): error TS2307: Cannot find module '@/timeline' or its corresponding type declarations.
src/commands/timeline/track/remove-track.ts(17,45): error TS7006: Parameter 'track' implicitly has an 'any' type.
src/commands/timeline/track/remove-track.ts(18,41): error TS7006: Parameter 'track' implicitly has an 'any' type.
src/commands/timeline/track/toggle-track-mute.ts(2,34): error TS2307: Cannot find module '@/timeline' or its corresponding type declarations.
src/commands/timeline/track/toggle-track-mute.ts(4,85): error TS2307: Cannot find module '@/timeline' or its corresponding type declarations.
src/commands/timeline/track/toggle-track-mute.ts(28,13): error TS7006: Parameter 'track' implicitly has an 'any' type.
src/commands/timeline/track/toggle-track-visibility.ts(2,34): error TS2307: Cannot find module '@/timeline' or its corresponding type declarations.
src/commands/timeline/track/toggle-track-visibility.ts(4,84): error TS2307: Cannot find module '@/timeline' or its corresponding type declarations.
src/commands/timeline/track/toggle-track-visibility.ts(28,13): error TS7006: Parameter 'track' implicitly has an 'any' type.
src/commands/timeline/tracks-snapshot.ts(2,34): error TS2307: Cannot find module '@/timeline' or its corresponding type declarations.
src/components/editor/panels/assets/draggable-item.tsx(14,39): error TS2307: Cannot find module '@/timeline/drag' or its corresponding type declarations.
src/components/editor/panels/assets/views/assets.tsx(28,46): error TS2307: Cannot find module '@/timeline/creation' or its corresponding type declarations.
src/components/editor/panels/assets/views/assets.tsx(41,39): error TS2307: Cannot find module '@/timeline/element-utils' or its corresponding type declarations.
src/components/editor/panels/assets/views/assets.tsx(48,40): error TS2307: Cannot find module '@/timeline' or its corresponding type declarations.
src/components/editor/panels/properties/components/element-params-tab.tsx(15,38): error TS2307: Cannot find module '@/timeline' or its corresponding type declarations.
src/components/editor/panels/properties/hooks/use-keyframed-param-property.ts(19,38): error TS2307: Cannot find module '@/timeline' or its corresponding type declarations.
src/components/editor/panels/properties/index.tsx(12,37): error TS2307: Cannot find module '@/timeline/hooks/element/use-element-selection' or its corresponding type declarations.
src/components/editor/panels/properties/registry.tsx(14,8): error TS2307: Cannot find module '@/timeline' or its corresponding type declarations.
src/components/editor/panels/properties/registry.tsx(335,5): error TS2366: Function lacks ending return statement and return type does not include 'undefined'.
src/components/editor/scenes-view.tsx(24,46): error TS2307: Cannot find module '@/timeline/scenes' or its corresponding type declarations.
src/core/index.ts(58,37): error TS7006: Parameter 'track' implicitly has an 'any' type.
src/core/index.ts(59,33): error TS7006: Parameter 'track' implicitly has an 'any' type.
src/core/managers/audio-manager.ts(9,8): error TS2307: Cannot find module '@/timeline/audio-state' or its corresponding type declarations.
src/core/managers/commands.ts(5,34): error TS2307: Cannot find module '@/timeline/types' or its corresponding type declarations.
src/core/managers/project-manager.ts(18,65): error TS2307: Cannot find module '@/timeline/scenes' or its corresponding type declarations.
src/core/managers/project-manager.ts(28,26): error TS2307: Cannot find module '@/timeline/defaults' or its corresponding type declarations.
src/core/managers/project-manager.ts(29,40): error TS2307: Cannot find module '@/timeline/element-utils' or its corresponding type declarations.
src/core/managers/scenes-manager.ts(2,52): error TS2307: Cannot find module '@/timeline' or its corresponding type declarations.
src/core/managers/scenes-manager.ts(9,8): error TS2307: Cannot find module '@/timeline/scenes' or its corresponding type declarations.
src/core/managers/scenes-manager.ts(14,8): error TS2307: Cannot find module '@/timeline/bookmarks/index' or its corresponding type declarations.
src/core/managers/scenes-manager.ts(207,26): error TS7006: Parameter 's' implicitly has an 'any' type.
src/core/managers/selection-manager.ts(9,33): error TS2307: Cannot find module '@/timeline/types' or its corresponding type declarations.
src/core/managers/timeline-manager.ts(10,8): error TS2307: Cannot find module '@/timeline' or its corresponding type declarations.
src/core/managers/timeline-manager.ts(11,40): error TS2307: Cannot find module '@/timeline' or its corresponding type declarations.
src/core/managers/timeline-manager.ts(12,36): error TS2307: Cannot find module '@/timeline/drag-source' or its corresponding type declarations.
src/core/managers/timeline-manager.ts(13,40): error TS2307: Cannot find module '@/timeline/track-element-update' or its corresponding type declarations.
src/core/managers/timeline-manager.ts(18,8): error TS2307: Cannot find module '@/timeline/element-utils' or its corresponding type declarations.
src/core/managers/timeline-manager.ts(19,32): error TS2307: Cannot find module '@/timeline/audio-state' or its corresponding type declarations.
src/core/managers/timeline-manager.ts(30,40): error TS2307: Cannot find module '@/timeline/animation-targets' or its corresponding type declarations.
src/core/managers/timeline-manager.ts(65,8): error TS2307: Cannot find module '@/timeline/group-move' or its corresponding type declarations.
src/core/managers/timeline-manager.ts(241,6): error TS7006: Parameter 'trackElement' implicitly has an 'any' type.
src/core/managers/timeline-manager.ts(777,44): error TS7006: Parameter 'element' implicitly has an 'any' type.
src/core/managers/timeline-manager.ts(784,45): error TS7006: Parameter 'element' implicitly has an 'any' type.
src/core/managers/timeline-manager.ts(796,33): error TS7006: Parameter 'track' implicitly has an 'any' type.
src/core/managers/timeline-manager.ts(798,29): error TS7006: Parameter 'track' implicitly has an 'any' type.
src/core/managers/timeline-manager.ts(895,5): error TS7006: Parameter 'element' implicitly has an 'any' type.
src/core/managers/timeline-manager.ts(911,6): error TS7006: Parameter 'element' implicitly has an 'any' type.
src/core/managers/timeline-manager.ts(918,29): error TS7006: Parameter 'element' implicitly has an 'any' type.
src/core/managers/timeline-manager.ts(924,29): error TS7006: Parameter 'element' implicitly has an 'any' type.
src/effects/components/assets-view.tsx(9,36): error TS2307: Cannot find module '@/timeline/element-utils' or its corresponding type declarations.
src/effects/components/effects-tab.tsx(6,51): error TS2307: Cannot find module '@/timeline' or its corresponding type declarations.
src/effects/components/effects-tab.tsx(9,35): error TS2307: Cannot find module '@/timeline/hooks/use-element-preview' or its corresponding type declarations.
src/effects/components/effects-tab.tsx(91,52): error TS7006: Parameter 'ef' implicitly has an 'any' type.
src/effects/components/effects-tab.tsx(104,11): error TS7006: Parameter 'existing' implicitly has an 'any' type.
src/effects/index.ts(6,38): error TS2307: Cannot find module '@/timeline' or its corresponding type declarations.
src/graphics/components/graphic-tab.tsx(10,37): error TS2307: Cannot find module '@/timeline' or its corresponding type declarations.
src/graphics/components/graphic-tab.tsx(12,35): error TS2307: Cannot find module '@/timeline/hooks/use-element-preview' or its corresponding type declarations.
src/masks/builtin/definitions/text.ts(9,26): error TS2307: Cannot find module '@/timeline/defaults' or its corresponding type declarations.
src/masks/components/masks-tab.tsx(3,38): error TS2307: Cannot find module '@/timeline' or its corresponding type declarations.
src/masks/components/masks-tab.tsx(12,35): error TS2307: Cannot find module '@/timeline/hooks/use-element-preview' or its corresponding type declarations.
src/masks/components/masks-tab.tsx(245,42): error TS7006: Parameter 'existingMask' implicitly has an 'any' type.
src/masks/components/masks-tab.tsx(245,56): error TS7006: Parameter 'maskIndex' implicitly has an 'any' type.
src/masks/components/masks-tab.tsx(308,16): error TS7006: Parameter 'mask' implicitly has an 'any' type.
src/masks/components/masks-tab.tsx(308,22): error TS7006: Parameter 'index' implicitly has an 'any' type.
src/masks/use-mask-handles.ts(17,38): error TS2307: Cannot find module '@/timeline' or its corresponding type declarations.
src/masks/use-mask-handles.ts(18,35): error TS2307: Cannot find module '@/timeline/element-utils' or its corresponding type declarations.
src/masks/use-mask-handles.ts(73,28): error TS7006: Parameter 'mask' implicitly has an 'any' type.
src/masks/use-mask-handles.ts(141,39): error TS7006: Parameter 'mask' implicitly has an 'any' type.
src/masks/use-mask-handles.ts(152,19): error TS7006: Parameter 'candidate' implicitly has an 'any' type.
src/media/audio.ts(7,8): error TS2307: Cannot find module '@/timeline' or its corresponding type declarations.
src/media/audio.ts(11,42): error TS2307: Cannot find module '@/timeline/audio-state' or its corresponding type declarations.
src/media/audio.ts(16,8): error TS2307: Cannot find module '@/timeline/audio-state' or its corresponding type declarations.
src/media/audio.ts(17,45): error TS2307: Cannot find module '@/timeline/audio-separation' or its corresponding type declarations.
src/media/audio.ts(18,49): error TS2307: Cannot find module '@/timeline/element-utils' or its corresponding type declarations.
src/media/audio.ts(19,35): error TS2307: Cannot find module '@/timeline' or its corresponding type declarations.
src/media/mediabunny.ts(9,34): error TS2307: Cannot find module '@/timeline' or its corresponding type declarations.
src/media/use-paste-media.ts(5,39): error TS2307: Cannot find module '@/timeline/element-utils' or its corresponding type declarations.
src/media/use-paste-media.ts(9,46): error TS2307: Cannot find module '@/timeline/creation' or its corresponding type declarations.
src/media/waveform-summary.ts(4,35): error TS2307: Cannot find module '@/timeline' or its corresponding type declarations.
src/preview/components/preview-interaction-overlay.tsx(26,5): error TS7006: Parameter 'element' implicitly has an 'any' type.
src/preview/components/text-edit-overlay.tsx(6,34): error TS2307: Cannot find module '@/timeline' or its corresponding type declarations.
src/preview/components/text-edit-overlay.tsx(7,26): error TS2307: Cannot find module '@/timeline/defaults' or its corresponding type declarations.
src/preview/components/transform-handles.tsx(5,33): error TS2307: Cannot find module '@/timeline/element-utils' or its corresponding type declarations.
src/preview/controllers/preview-interaction-controller.ts(24,33): error TS2307: Cannot find module '@/timeline/element-utils' or its corresponding type declarations.
src/preview/controllers/preview-interaction-controller.ts(32,8): error TS2307: Cannot find module '@/timeline' or its corresponding type declarations.
src/preview/controllers/transform-handle-controller.ts(19,33): error TS2307: Cannot find module '@/timeline/element-utils' or its corresponding type declarations.
src/preview/controllers/transform-handle-controller.ts(35,8): error TS2307: Cannot find module '@/timeline' or its corresponding type declarations.
src/preview/element-bounds.ts(1,51): error TS2307: Cannot find module '@/timeline' or its corresponding type declarations.
src/preview/element-bounds.ts(261,29): error TS7006: Parameter 'track' implicitly has an 'any' type.
src/preview/element-bounds.ts(269,13): error TS7006: Parameter 'element' implicitly has an 'any' type.
src/preview/element-bounds.ts(271,6): error TS7006: Parameter 'element' implicitly has an 'any' type.
src/preview/element-bounds.ts(276,11): error TS7006: Parameter 'a' implicitly has an 'any' type.
src/preview/element-bounds.ts(276,14): error TS7006: Parameter 'b' implicitly has an 'any' type.
src/preview/hit-test.ts(2,33): error TS2307: Cannot find module '@/timeline/types' or its corresponding type declarations.
src/project/types.ts(2,29): error TS2307: Cannot find module '@/timeline/types' or its corresponding type declarations.
src/retime/__tests__/resolve.test.ts(8,35): error TS2307: Cannot find module '@/timeline' or its corresponding type declarations.
src/retime/__tests__/split.test.ts(6,35): error TS2307: Cannot find module '@/timeline' or its corresponding type declarations.
src/retime/audio-stretch.ts(3,35): error TS2307: Cannot find module '@/timeline' or its corresponding type declarations.
src/retime/presets.ts(1,35): error TS2307: Cannot find module '@/timeline' or its corresponding type declarations.
src/retime/resolve.ts(1,35): error TS2307: Cannot find module '@/timeline' or its corresponding type declarations.
src/retime/split.ts(1,35): error TS2307: Cannot find module '@/timeline' or its corresponding type declarations.
src/ripple/apply.ts(1,49): error TS2307: Cannot find module '@/timeline/types' or its corresponding type declarations.
src/ripple/apply.ts(29,32): error TS7006: Parameter 'track' implicitly has an 'any' type.
src/ripple/apply.ts(39,28): error TS7006: Parameter 'track' implicitly has an 'any' type.
src/ripple/diff.ts(1,66): error TS2307: Cannot find module '@/timeline/types' or its corresponding type declarations.
src/ripple/diff.ts(32,57): error TS7006: Parameter 'element' implicitly has an 'any' type.
src/ripple/shift.ts(1,38): error TS2307: Cannot find module '@/timeline/types' or its corresponding type declarations.
src/selection/editor-selection.ts(2,33): error TS2307: Cannot find module '@/timeline/types' or its corresponding type declarations.
src/services/renderer/nodes/blur-background-node.ts(2,35): error TS2307: Cannot find module '@/timeline' or its corresponding type declarations.
src/services/renderer/nodes/text-node.ts(2,34): error TS2307: Cannot find module '@/timeline' or its corresponding type declarations.
src/services/renderer/nodes/visual-node.ts(6,50): error TS2307: Cannot find module '@/timeline' or its corresponding type declarations.
src/services/renderer/scene-builder.ts(1,49): error TS2307: Cannot find module '@/timeline' or its corresponding type declarations.
src/services/renderer/scene-builder.ts(21,12): error TS7006: Parameter 'element' implicitly has an 'any' type.
src/services/renderer/scene-builder.ts(23,10): error TS7006: Parameter 'a' implicitly has an 'any' type.
src/services/renderer/scene-builder.ts(23,13): error TS7006: Parameter 'b' implicitly has an 'any' type.
src/services/renderer/scene-builder.ts(234,29): error TS7006: Parameter 'track' implicitly has an 'any' type.
src/services/storage/service.ts(2,46): error TS2307: Cannot find module '@/timeline/scenes' or its corresponding type declarations.
src/services/storage/service.ts(24,52): error TS2307: Cannot find module '@/timeline' or its corresponding type declarations.
src/services/storage/service.ts(125,29): error TS7006: Parameter 'track' implicitly has an 'any' type.
src/services/storage/service.ts(127,35): error TS7006: Parameter 'element' implicitly has an 'any' type.
src/services/storage/types.ts(7,29): error TS2307: Cannot find module '@/timeline' or its corresponding type declarations.
src/sounds/sounds-store.ts(6,42): error TS2307: Cannot find module '@/timeline/element-utils' or its corresponding type declarations.
src/speed/components/speed-tab.tsx(15,49): error TS2307: Cannot find module '@/timeline' or its corresponding type declarations.
src/stickers/components/assets-view.tsx(17,8): error TS2307: Cannot find module '@/timeline/element-utils' or its corresponding type declarations.
src/stickers/components/assets-view.tsx(21,39): error TS2307: Cannot find module '@/timeline/drag' or its corresponding type declarations.
src/subtitles/build-subtitle-text-element.ts(7,26): error TS2307: Cannot find module '@/timeline/defaults' or its corresponding type declarations.
src/subtitles/build-subtitle-text-element.ts(9,40): error TS2307: Cannot find module '@/timeline' or its corresponding type declarations.
src/text/components/assets-view.tsx(4,26): error TS2307: Cannot find module '@/timeline/defaults' or its corresponding type declarations.
src/text/components/assets-view.tsx(5,34): error TS2307: Cannot find module '@/timeline/element-utils' or its corresponding type declarations.
src/text/layout.ts(2,26): error TS2307: Cannot find module '@/timeline/defaults' or its corresponding type declarations.
src/text/measure-element.ts(2,26): error TS2307: Cannot find module '@/timeline/defaults' or its corresponding type declarations.
src/text/measure-element.ts(3,34): error TS2307: Cannot find module '@/timeline' or its corresponding type declarations.
src/text/primitives.ts(2,26): error TS2307: Cannot find module '@/timeline/defaults' or its corresponding type declarations.
error: "tsc" exited with code 1
